<?xml version="1.0" encoding="UTF-8"?>
<!-- Generated by org.testng.reporters.JUnitXMLReporter -->
<testsuite ignored="0" hostname="DESKTOP-MJEMSGV" failures="0" tests="16" name="Surefire test" time="59.912" errors="0" timestamp="2024-11-07T14:49:38 IST">
  <testcase classname="api.tests.DDTests" name="testPostUser" time="4.119"/>
  <testcase classname="api.tests.DDTests" name="testPostUser" time="1.272"/>
  <testcase classname="api.tests.DDTests" name="testPostUser" time="1.315"/>
  <testcase classname="api.tests.DDTests" name="testReadUser" time="1.577"/>
  <testcase classname="api.tests.DDTests" name="testReadUser" time="1.353"/>
  <testcase classname="api.tests.DDTests" name="testReadUser" time="1.342"/>
  <testcase classname="api.tests.DDTests" name="testUpdateUser" time="3.052"/>
  <testcase classname="api.tests.DDTests" name="testUpdateUser" time="2.554"/>
  <testcase classname="api.tests.DDTests" name="testUpdateUser" time="2.563"/>
  <testcase classname="api.tests.DDTests" name="testDeleteUser" time="1.209"/>
  <testcase classname="api.tests.DDTests" name="testDeleteUser" time="1.195"/>
  <testcase classname="api.tests.DDTests" name="testDeleteUser" time="1.208"/>
  <testcase classname="api.tests.UserTests" name="testPostUser" time="2.417"/>
  <testcase classname="api.tests.UserTests" name="testGetUser" time="23.319"/>
  <testcase classname="api.tests.UserTests" name="testUpdateUserByName" time="2.506"/>
  <testcase classname="api.tests.UserTests" name="testDeleteUserByName" time="3.693"/>
</testsuite> <!-- Surefire test -->
