<?xml version="1.0" encoding="UTF-8"?>
<!-- Generated by org.testng.reporters.JUnitXMLReporter -->
<testsuite ignored="0" hostname="DESKTOP-MJEMSGV" failures="0" tests="4" name="Default test" time="13.977" errors="0" timestamp="2024-11-05T18:53:25 IST">
  <testcase classname="api.tests.UserTests" name="testPostUser" time="4.927"/>
  <testcase classname="api.tests.UserTests" name="testGetUser" time="2.203"/>
  <testcase classname="api.tests.UserTests" name="testUpdateUserByName" time="2.546"/>
  <testcase classname="api.tests.UserTests" name="testDeleteUserByName" time="2.56"/>
</testsuite> <!-- Default test -->
