<?xml version="1.0" encoding="UTF-8"?>
<testng-results ignored="0" total="4" passed="4" failed="0" skipped="0">
  <reporter-output>
  </reporter-output>
  <suite started-at="2024-11-27T11:35:50 IST" name="PetSuite" finished-at="2024-11-27T11:36:13 IST" duration-ms="22622">
    <groups>
    </groups>
    <test started-at="2024-11-27T11:35:50 IST" name="PetTest" finished-at="2024-11-27T11:36:13 IST" duration-ms="22622">
      <class name="api.tests.UserTests2">
        <test-method is-config="true" signature="setupData()[pri:0, instance:api.tests.UserTests2@145f66e3]" started-at="2024-11-27T11:35:51 IST" name="setupData" finished-at="2024-11-27T11:35:53 IST" duration-ms="2101" status="PASS">
          <reporter-output>
          </reporter-output>
        </test-method> <!-- setupData -->
        <test-method signature="testPostUser()[pri:1, instance:api.tests.UserTests2@145f66e3]" started-at="2024-11-27T11:35:53 IST" name="testPostUser" finished-at="2024-11-27T11:36:05 IST" duration-ms="12404" status="PASS">
          <reporter-output>
          </reporter-output>
        </test-method> <!-- testPostUser -->
        <test-method signature="testGetUser()[pri:2, instance:api.tests.UserTests2@145f66e3]" started-at="2024-11-27T11:36:05 IST" name="testGetUser" finished-at="2024-11-27T11:36:07 IST" duration-ms="1335" status="PASS">
          <reporter-output>
          </reporter-output>
        </test-method> <!-- testGetUser -->
        <test-method signature="testUpdateUserByName()[pri:3, instance:api.tests.UserTests2@145f66e3]" started-at="2024-11-27T11:36:07 IST" name="testUpdateUserByName" finished-at="2024-11-27T11:36:09 IST" duration-ms="2588" status="PASS">
          <reporter-output>
          </reporter-output>
        </test-method> <!-- testUpdateUserByName -->
        <test-method signature="testDeleteUserByName()[pri:4, instance:api.tests.UserTests2@145f66e3]" started-at="2024-11-27T11:36:09 IST" name="testDeleteUserByName" finished-at="2024-11-27T11:36:13 IST" duration-ms="3661" status="PASS">
          <reporter-output>
          </reporter-output>
        </test-method> <!-- testDeleteUserByName -->
      </class> <!-- api.tests.UserTests2 -->
    </test> <!-- PetTest -->
  </suite> <!-- PetSuite -->
</testng-results>
