<?xml version="1.0" encoding="UTF-8"?>
<testng-results ignored="0" total="4" passed="4" failed="0" skipped="0">
  <reporter-output>
  </reporter-output>
  <suite started-at="2024-11-07T14:31:07 IST" name="PetSuite" finished-at="2024-11-07T14:31:30 IST" duration-ms="23002">
    <groups>
    </groups>
    <test started-at="2024-11-07T14:31:07 IST" name="PetTest" finished-at="2024-11-07T14:31:30 IST" duration-ms="23002">
      <class name="api.tests.UserTests2">
        <test-method is-config="true" signature="setupData()[pri:0, instance:api.tests.UserTests2@48075da3]" started-at="2024-11-07T14:31:08 IST" name="setupData" finished-at="2024-11-07T14:31:09 IST" duration-ms="1601" status="PASS">
          <reporter-output>
          </reporter-output>
        </test-method> <!-- setupData -->
        <test-method signature="testPostUser()[pri:1, instance:api.tests.UserTests2@48075da3]" started-at="2024-11-07T14:31:09 IST" name="testPostUser" finished-at="2024-11-07T14:31:17 IST" duration-ms="7091" status="PASS">
          <reporter-output>
          </reporter-output>
        </test-method> <!-- testPostUser -->
        <test-method signature="testGetUser()[pri:2, instance:api.tests.UserTests2@48075da3]" started-at="2024-11-07T14:31:17 IST" name="testGetUser" finished-at="2024-11-07T14:31:18 IST" duration-ms="1358" status="PASS">
          <reporter-output>
          </reporter-output>
        </test-method> <!-- testGetUser -->
        <test-method signature="testUpdateUserByName()[pri:3, instance:api.tests.UserTests2@48075da3]" started-at="2024-11-07T14:31:18 IST" name="testUpdateUserByName" finished-at="2024-11-07T14:31:24 IST" duration-ms="6100" status="PASS">
          <reporter-output>
          </reporter-output>
        </test-method> <!-- testUpdateUserByName -->
        <test-method signature="testDeleteUserByName()[pri:4, instance:api.tests.UserTests2@48075da3]" started-at="2024-11-07T14:31:24 IST" name="testDeleteUserByName" finished-at="2024-11-07T14:31:30 IST" duration-ms="6231" status="PASS">
          <reporter-output>
          </reporter-output>
        </test-method> <!-- testDeleteUserByName -->
      </class> <!-- api.tests.UserTests2 -->
    </test> <!-- PetTest -->
  </suite> <!-- PetSuite -->
</testng-results>
