<?xml version="1.0" encoding="UTF-8"?>
<!-- Generated by org.testng.reporters.JUnitXMLReporter -->
<testsuite ignored="0" hostname="DESKTOP-MJEMSGV" failures="0" tests="4" name="PetTest" time="23.002" errors="0" timestamp="2024-11-07T14:31:31 IST">
  <testcase classname="api.tests.UserTests2" name="testPostUser" time="7.091"/>
  <testcase classname="api.tests.UserTests2" name="testGetUser" time="1.358"/>
  <testcase classname="api.tests.UserTests2" name="testUpdateUserByName" time="6.1"/>
  <testcase classname="api.tests.UserTests2" name="testDeleteUserByName" time="6.231"/>
</testsuite> <!-- PetTest -->
